           0          -inf  
        0.05       -119.72  
         0.1       -29.931  
        0.15       -13.303  
         0.2       -7.4828  
        0.25        -4.789  
         0.3       -3.3257  
        0.35       -2.4434  
         0.4       -1.8707  
        0.45       -1.4781  
         0.5       -1.1972  
        0.55      -0.98946  
         0.6      -0.83142  
        0.65      -0.70843  
         0.7      -0.61084  
        0.75      -0.53211  
         0.8      -0.46767  
        0.85      -0.41427  
         0.9      -0.36952  
        0.95      -0.33165  
           1      -0.29931  
